Flow report for ALU
Mon Mar 27 20:01:04 2023
Quartus Prime Version 22.1std.0 Build 915 10/25/2022 SC Lite Edition


---------------------
; Table of Contents ;
---------------------
  1. Legal Notice
  2. Flow Summary
  3. Flow Settings
  4. Flow Non-Default Global Settings
  5. Flow Elapsed Time
  6. Flow OS Summary
  7. Flow Log
  8. Flow Messages
  9. Flow Suppressed Messages



----------------
; Legal Notice ;
----------------
Copyright (C) 2022  Intel Corporation. All rights reserved.
Your use of Intel Corporation's design tools, logic functions 
and other software and tools, and any partner logic 
functions, and any output files from any of the foregoing 
(including device programming or simulation files), and any 
associated documentation or information are expressly subject 
to the terms and conditions of the Intel Program License 
Subscription Agreement, the Intel Quartus Prime License Agreement,
the Intel FPGA IP License Agreement, or other applicable license
agreement, including, without limitation, that your use is for
the sole purpose of programming logic devices manufactured by
Intel and sold by Intel or its authorized distributors.  Please
refer to the applicable agreement for further details, at
https://fpgasoftware.intel.com/eula.



+----------------------------------------------------------------------------------+
; Flow Summary                                                                     ;
+---------------------------------+------------------------------------------------+
; Flow Status                     ; Successful - Mon Mar 27 20:01:04 2023          ;
; Quartus Prime Version           ; 22.1std.0 Build 915 10/25/2022 SC Lite Edition ;
; Revision Name                   ; ALU                                            ;
; Top-level Entity Name           ; frecuencia                                     ;
; Family                          ; Cyclone V                                      ;
; Device                          ; 5CSEMA5F31C6                                   ;
; Timing Models                   ; Final                                          ;
; Logic utilization (in ALMs)     ; 171 / 32,070 ( < 1 % )                         ;
; Total registers                 ; 103                                            ;
; Total pins                      ; 105 / 457 ( 23 % )                             ;
; Total virtual pins              ; 0                                              ;
; Total block memory bits         ; 0 / 4,065,280 ( 0 % )                          ;
; Total DSP Blocks                ; 0 / 87 ( 0 % )                                 ;
; Total HSSI RX PCSs              ; 0                                              ;
; Total HSSI PMA RX Deserializers ; 0                                              ;
; Total HSSI TX PCSs              ; 0                                              ;
; Total HSSI PMA TX Serializers   ; 0                                              ;
; Total PLLs                      ; 0 / 6 ( 0 % )                                  ;
; Total DLLs                      ; 0 / 4 ( 0 % )                                  ;
+---------------------------------+------------------------------------------------+


+-----------------------------------------+
; Flow Settings                           ;
+-------------------+---------------------+
; Option            ; Setting             ;
+-------------------+---------------------+
; Start date & time ; 03/27/2023 19:58:08 ;
; Main task         ; Compilation         ;
; Revision Name     ; ALU                 ;
+-------------------+---------------------+


+-------------------------------------------------------------------------------------------------------------------------------------------------+
; Flow Non-Default Global Settings                                                                                                                ;
+--------------------------------------+----------------------------------------+---------------+-------------+-----------------------------------+
; Assignment Name                      ; Value                                  ; Default Value ; Entity Name ; Section Id                        ;
+--------------------------------------+----------------------------------------+---------------+-------------+-----------------------------------+
; COMPILER_SIGNATURE_ID                ; 220837866376015.167996868815292        ; --            ; --          ; --                                ;
; EDA_DESIGN_INSTANCE_NAME             ; NA                                     ; --            ; --          ; tb_mod_alu                        ;
; EDA_DESIGN_INSTANCE_NAME             ; NA                                     ; --            ; --          ; tb_mod_or                         ;
; EDA_DESIGN_INSTANCE_NAME             ; NA                                     ; --            ; --          ; tb_mod_sub                        ;
; EDA_DESIGN_INSTANCE_NAME             ; NA                                     ; --            ; --          ; tb_mod_and                        ;
; EDA_DESIGN_INSTANCE_NAME             ; NA                                     ; --            ; --          ; tb_mod_not                        ;
; EDA_DESIGN_INSTANCE_NAME             ; NA                                     ; --            ; --          ; tb_frecuencia_4bits               ;
; EDA_DESIGN_INSTANCE_NAME             ; NA                                     ; --            ; --          ; tb_mod_xor                        ;
; EDA_DESIGN_INSTANCE_NAME             ; NA                                     ; --            ; --          ; tb_mod_sum                        ;
; EDA_DESIGN_INSTANCE_NAME             ; NA                                     ; --            ; --          ; tb_sum_1bit                       ;
; EDA_GENERATE_FUNCTIONAL_NETLIST      ; Off                                    ; --            ; --          ; eda_board_design_timing           ;
; EDA_GENERATE_FUNCTIONAL_NETLIST      ; Off                                    ; --            ; --          ; eda_board_design_boundary_scan    ;
; EDA_GENERATE_FUNCTIONAL_NETLIST      ; Off                                    ; --            ; --          ; eda_board_design_signal_integrity ;
; EDA_GENERATE_FUNCTIONAL_NETLIST      ; Off                                    ; --            ; --          ; eda_board_design_symbol           ;
; EDA_NATIVELINK_SIMULATION_TEST_BENCH ; tb_frecuencia_4bits                    ; --            ; --          ; eda_simulation                    ;
; EDA_OUTPUT_DATA_FORMAT               ; Systemverilog Hdl                      ; --            ; --          ; eda_simulation                    ;
; EDA_SIMULATION_TOOL                  ; ModelSim (SystemVerilog)               ; <None>        ; --          ; --                                ;
; EDA_TEST_BENCH_ENABLE_STATUS         ; TEST_BENCH_MODE                        ; --            ; --          ; eda_simulation                    ;
; EDA_TEST_BENCH_FILE                  ; tb_mod_alu.sv                          ; --            ; --          ; tb_mod_alu                        ;
; EDA_TEST_BENCH_FILE                  ; tb_mod_or.sv                           ; --            ; --          ; tb_mod_or                         ;
; EDA_TEST_BENCH_FILE                  ; tb_mod_sub.sv                          ; --            ; --          ; tb_mod_sub                        ;
; EDA_TEST_BENCH_FILE                  ; tb_mod_and.sv                          ; --            ; --          ; tb_mod_and                        ;
; EDA_TEST_BENCH_FILE                  ; tb_mod_not.sv                          ; --            ; --          ; tb_mod_not                        ;
; EDA_TEST_BENCH_FILE                  ; tb_frecuencia_4bits.sv                 ; --            ; --          ; tb_frecuencia_4bits               ;
; EDA_TEST_BENCH_FILE                  ; tb_mod_xor.sv                          ; --            ; --          ; tb_mod_xor                        ;
; EDA_TEST_BENCH_FILE                  ; tb_mod_sum.sv                          ; --            ; --          ; tb_mod_sum                        ;
; EDA_TEST_BENCH_FILE                  ; tb_sum_1bit.sv                         ; --            ; --          ; tb_sum_1bit                       ;
; EDA_TEST_BENCH_MODULE_NAME           ; tb_mod_alu                             ; --            ; --          ; tb_mod_alu                        ;
; EDA_TEST_BENCH_MODULE_NAME           ; tb_mod_or                              ; --            ; --          ; tb_mod_or                         ;
; EDA_TEST_BENCH_MODULE_NAME           ; tb_mod_sub                             ; --            ; --          ; tb_mod_sub                        ;
; EDA_TEST_BENCH_MODULE_NAME           ; tb_mod_and                             ; --            ; --          ; tb_mod_and                        ;
; EDA_TEST_BENCH_MODULE_NAME           ; tb_mod_not                             ; --            ; --          ; tb_mod_not                        ;
; EDA_TEST_BENCH_MODULE_NAME           ; tb_frecuencia_4bits                    ; --            ; --          ; tb_frecuencia_4bits               ;
; EDA_TEST_BENCH_MODULE_NAME           ; tb_mod_xor                             ; --            ; --          ; tb_mod_xor                        ;
; EDA_TEST_BENCH_MODULE_NAME           ; tb_mod_sum                             ; --            ; --          ; tb_mod_sum                        ;
; EDA_TEST_BENCH_MODULE_NAME           ; tb_sum_1bit                            ; --            ; --          ; tb_sum_1bit                       ;
; EDA_TEST_BENCH_NAME                  ; tb_mod_or                              ; --            ; --          ; eda_simulation                    ;
; EDA_TEST_BENCH_NAME                  ; tb_mod_xor                             ; --            ; --          ; eda_simulation                    ;
; EDA_TEST_BENCH_NAME                  ; tb_sum_1bit                            ; --            ; --          ; eda_simulation                    ;
; EDA_TEST_BENCH_NAME                  ; tb_mod_sum                             ; --            ; --          ; eda_simulation                    ;
; EDA_TEST_BENCH_NAME                  ; tb_mod_not                             ; --            ; --          ; eda_simulation                    ;
; EDA_TEST_BENCH_NAME                  ; tb_mod_and                             ; --            ; --          ; eda_simulation                    ;
; EDA_TEST_BENCH_NAME                  ; tb_mod_sub                             ; --            ; --          ; eda_simulation                    ;
; EDA_TEST_BENCH_NAME                  ; tb_mod_alu                             ; --            ; --          ; eda_simulation                    ;
; EDA_TEST_BENCH_NAME                  ; tb_frecuencia_4bits                    ; --            ; --          ; eda_simulation                    ;
; EDA_TIME_SCALE                       ; 1 ps                                   ; --            ; --          ; eda_simulation                    ;
; MAX_CORE_JUNCTION_TEMP               ; 85                                     ; --            ; --          ; --                                ;
; MIN_CORE_JUNCTION_TEMP               ; 0                                      ; --            ; --          ; --                                ;
; PARTITION_COLOR                      ; -- (Not supported for targeted family) ; --            ; frecuencia  ; Top                               ;
; PARTITION_FITTER_PRESERVATION_LEVEL  ; -- (Not supported for targeted family) ; --            ; frecuencia  ; Top                               ;
; PARTITION_NETLIST_TYPE               ; -- (Not supported for targeted family) ; --            ; frecuencia  ; Top                               ;
; POWER_BOARD_THERMAL_MODEL            ; None (CONSERVATIVE)                    ; --            ; --          ; --                                ;
; POWER_PRESET_COOLING_SOLUTION        ; 23 MM HEAT SINK WITH 200 LFPM AIRFLOW  ; --            ; --          ; --                                ;
; PROJECT_OUTPUT_DIRECTORY             ; output_files                           ; --            ; --          ; --                                ;
; TOP_LEVEL_ENTITY                     ; frecuencia                             ; ALU           ; --          ; --                                ;
+--------------------------------------+----------------------------------------+---------------+-------------+-----------------------------------+


+--------------------------------------------------------------------------------------------------------------------------+
; Flow Elapsed Time                                                                                                        ;
+----------------------+--------------+-------------------------+---------------------+------------------------------------+
; Module Name          ; Elapsed Time ; Average Processors Used ; Peak Virtual Memory ; Total CPU Time (on all processors) ;
+----------------------+--------------+-------------------------+---------------------+------------------------------------+
; Analysis & Synthesis ; 00:00:16     ; 1.0                     ; 4869 MB             ; 00:00:35                           ;
; Fitter               ; 00:02:08     ; 1.0                     ; 6915 MB             ; 00:06:50                           ;
; Assembler            ; 00:00:11     ; 1.0                     ; 4871 MB             ; 00:00:10                           ;
; Timing Analyzer      ; 00:00:09     ; 1.4                     ; 5196 MB             ; 00:00:10                           ;
; EDA Netlist Writer   ; 00:00:01     ; 1.0                     ; 4728 MB             ; 00:00:02                           ;
; Total                ; 00:02:45     ; --                      ; --                  ; 00:07:47                           ;
+----------------------+--------------+-------------------------+---------------------+------------------------------------+


+------------------------------------------------------------------------------------+
; Flow OS Summary                                                                    ;
+----------------------+------------------+------------+------------+----------------+
; Module Name          ; Machine Hostname ; OS Name    ; OS Version ; Processor type ;
+----------------------+------------------+------------+------------+----------------+
; Analysis & Synthesis ; Gios-HP-Pavilion ; Windows 10 ; 10.0       ; x86_64         ;
; Fitter               ; Gios-HP-Pavilion ; Windows 10 ; 10.0       ; x86_64         ;
; Assembler            ; Gios-HP-Pavilion ; Windows 10 ; 10.0       ; x86_64         ;
; Timing Analyzer      ; Gios-HP-Pavilion ; Windows 10 ; 10.0       ; x86_64         ;
; EDA Netlist Writer   ; Gios-HP-Pavilion ; Windows 10 ; 10.0       ; x86_64         ;
+----------------------+------------------+------------+------------+----------------+


------------
; Flow Log ;
------------
quartus_map --read_settings_files=on --write_settings_files=off ALU -c ALU
quartus_fit --read_settings_files=off --write_settings_files=off ALU -c ALU
quartus_asm --read_settings_files=off --write_settings_files=off ALU -c ALU
quartus_sta ALU -c ALU
quartus_eda --read_settings_files=off --write_settings_files=off ALU -c ALU



