Analysis & Synthesis report for vga_decoding
Thu Apr 27 15:00:49 2023
Quartus Prime Version 22.1std.0 Build 915 10/25/2022 SC Lite Edition


---------------------
; Table of Contents ;
---------------------
  1. Legal Notice
  2. Analysis & Synthesis Summary
  3. Analysis & Synthesis Settings
  4. Parallel Compilation
  5. Analysis & Synthesis Source Files Read
  6. Analysis & Synthesis Resource Usage Summary
  7. Analysis & Synthesis Resource Utilization by Entity
  8. Analysis & Synthesis RAM Summary
  9. General Register Statistics
 10. Registers Packed Into Inferred Megafunctions
 11. Multiplexer Restructuring Statistics (Restructuring Performed)
 12. Source assignments for Pixel_On_Text2:t1|Font_Rom:FontRom|altsyncram:ROM_rtl_0|altsyncram_6sd1:auto_generated
 13. Parameter Settings for User Entity Instance: Pixel_On_Text2:t1
 14. Parameter Settings for Inferred Entity Instance: Pixel_On_Text2:t1|Font_Rom:FontRom|altsyncram:ROM_rtl_0
 15. altsyncram Parameter Settings by Entity Instance
 16. Port Connectivity Checks: "color_module:color"
 17. Port Connectivity Checks: "Pixel_On_Text2:t1"
 18. Post-Synthesis Netlist Statistics for Top Partition
 19. Elapsed Time Per Partition
 20. Analysis & Synthesis Messages
 21. Analysis & Synthesis Suppressed Messages



----------------
; Legal Notice ;
----------------
Copyright (C) 2022  Intel Corporation. All rights reserved.
Your use of Intel Corporation's design tools, logic functions 
and other software and tools, and any partner logic 
functions, and any output files from any of the foregoing 
(including device programming or simulation files), and any 
associated documentation or information are expressly subject 
to the terms and conditions of the Intel Program License 
Subscription Agreement, the Intel Quartus Prime License Agreement,
the Intel FPGA IP License Agreement, or other applicable license
agreement, including, without limitation, that your use is for
the sole purpose of programming logic devices manufactured by
Intel and sold by Intel or its authorized distributors.  Please
refer to the applicable agreement for further details, at
https://fpgasoftware.intel.com/eula.



+----------------------------------------------------------------------------------+
; Analysis & Synthesis Summary                                                     ;
+---------------------------------+------------------------------------------------+
; Analysis & Synthesis Status     ; Successful - Thu Apr 27 15:00:49 2023          ;
; Quartus Prime Version           ; 22.1std.0 Build 915 10/25/2022 SC Lite Edition ;
; Revision Name                   ; vga_decoding                                   ;
; Top-level Entity Name           ; vga_decoder                                    ;
; Family                          ; Cyclone V                                      ;
; Logic utilization (in ALMs)     ; N/A                                            ;
; Total registers                 ; 24                                             ;
; Total pins                      ; 31                                             ;
; Total virtual pins              ; 0                                              ;
; Total block memory bits         ; 16,384                                         ;
; Total DSP Blocks                ; 0                                              ;
; Total HSSI RX PCSs              ; 0                                              ;
; Total HSSI PMA RX Deserializers ; 0                                              ;
; Total HSSI TX PCSs              ; 0                                              ;
; Total HSSI PMA TX Serializers   ; 0                                              ;
; Total PLLs                      ; 0                                              ;
; Total DLLs                      ; 0                                              ;
+---------------------------------+------------------------------------------------+


+---------------------------------------------------------------------------------------------------------------------------+
; Analysis & Synthesis Settings                                                                                             ;
+---------------------------------------------------------------------------------+--------------------+--------------------+
; Option                                                                          ; Setting            ; Default Value      ;
+---------------------------------------------------------------------------------+--------------------+--------------------+
; Device                                                                          ; 5CSEMA5F31C6       ;                    ;
; Top-level entity name                                                           ; vga_decoder        ; vga_decoding       ;
; Family name                                                                     ; Cyclone V          ; Cyclone V          ;
; Verilog Show LMF Mapping Messages                                               ; Off                ;                    ;
; Verilog Version                                                                 ; SystemVerilog_2005 ; Verilog_2001       ;
; Use smart compilation                                                           ; Off                ; Off                ;
; Enable parallel Assembler and Timing Analyzer during compilation                ; On                 ; On                 ;
; Enable compact report table                                                     ; Off                ; Off                ;
; Restructure Multiplexers                                                        ; Auto               ; Auto               ;
; MLAB Add Timing Constraints For Mixed-Port Feed-Through Mode Setting Don't Care ; Off                ; Off                ;
; Create Debugging Nodes for IP Cores                                             ; Off                ; Off                ;
; Preserve fewer node names                                                       ; On                 ; On                 ;
; Intel FPGA IP Evaluation Mode                                                   ; Enable             ; Enable             ;
; VHDL Version                                                                    ; VHDL_1993          ; VHDL_1993          ;
; State Machine Processing                                                        ; Auto               ; Auto               ;
; Safe State Machine                                                              ; Off                ; Off                ;
; Extract Verilog State Machines                                                  ; On                 ; On                 ;
; Extract VHDL State Machines                                                     ; On                 ; On                 ;
; Ignore Verilog initial constructs                                               ; Off                ; Off                ;
; Iteration limit for constant Verilog loops                                      ; 5000               ; 5000               ;
; Iteration limit for non-constant Verilog loops                                  ; 250                ; 250                ;
; Add Pass-Through Logic to Inferred RAMs                                         ; On                 ; On                 ;
; Infer RAMs from Raw Logic                                                       ; On                 ; On                 ;
; Parallel Synthesis                                                              ; On                 ; On                 ;
; DSP Block Balancing                                                             ; Auto               ; Auto               ;
; NOT Gate Push-Back                                                              ; On                 ; On                 ;
; Power-Up Don't Care                                                             ; On                 ; On                 ;
; Remove Redundant Logic Cells                                                    ; Off                ; Off                ;
; Remove Duplicate Registers                                                      ; On                 ; On                 ;
; Ignore CARRY Buffers                                                            ; Off                ; Off                ;
; Ignore CASCADE Buffers                                                          ; Off                ; Off                ;
; Ignore GLOBAL Buffers                                                           ; Off                ; Off                ;
; Ignore ROW GLOBAL Buffers                                                       ; Off                ; Off                ;
; Ignore LCELL Buffers                                                            ; Off                ; Off                ;
; Ignore SOFT Buffers                                                             ; On                 ; On                 ;
; Limit AHDL Integers to 32 Bits                                                  ; Off                ; Off                ;
; Optimization Technique                                                          ; Balanced           ; Balanced           ;
; Carry Chain Length                                                              ; 70                 ; 70                 ;
; Auto Carry Chains                                                               ; On                 ; On                 ;
; Auto Open-Drain Pins                                                            ; On                 ; On                 ;
; Perform WYSIWYG Primitive Resynthesis                                           ; Off                ; Off                ;
; Auto ROM Replacement                                                            ; On                 ; On                 ;
; Auto RAM Replacement                                                            ; On                 ; On                 ;
; Auto DSP Block Replacement                                                      ; On                 ; On                 ;
; Auto Shift Register Replacement                                                 ; Auto               ; Auto               ;
; Allow Shift Register Merging across Hierarchies                                 ; Auto               ; Auto               ;
; Auto Clock Enable Replacement                                                   ; On                 ; On                 ;
; Strict RAM Replacement                                                          ; Off                ; Off                ;
; Allow Synchronous Control Signals                                               ; On                 ; On                 ;
; Force Use of Synchronous Clear Signals                                          ; Off                ; Off                ;
; Auto Resource Sharing                                                           ; Off                ; Off                ;
; Allow Any RAM Size For Recognition                                              ; Off                ; Off                ;
; Allow Any ROM Size For Recognition                                              ; Off                ; Off                ;
; Allow Any Shift Register Size For Recognition                                   ; Off                ; Off                ;
; Use LogicLock Constraints during Resource Balancing                             ; On                 ; On                 ;
; Ignore translate_off and synthesis_off directives                               ; Off                ; Off                ;
; Timing-Driven Synthesis                                                         ; On                 ; On                 ;
; Report Parameter Settings                                                       ; On                 ; On                 ;
; Report Source Assignments                                                       ; On                 ; On                 ;
; Report Connectivity Checks                                                      ; On                 ; On                 ;
; Ignore Maximum Fan-Out Assignments                                              ; Off                ; Off                ;
; Synchronization Register Chain Length                                           ; 3                  ; 3                  ;
; Power Optimization During Synthesis                                             ; Normal compilation ; Normal compilation ;
; HDL message level                                                               ; Level2             ; Level2             ;
; Suppress Register Optimization Related Messages                                 ; Off                ; Off                ;
; Number of Removed Registers Reported in Synthesis Report                        ; 5000               ; 5000               ;
; Number of Swept Nodes Reported in Synthesis Report                              ; 5000               ; 5000               ;
; Number of Inverted Registers Reported in Synthesis Report                       ; 100                ; 100                ;
; Clock MUX Protection                                                            ; On                 ; On                 ;
; Auto Gated Clock Conversion                                                     ; Off                ; Off                ;
; Block Design Naming                                                             ; Auto               ; Auto               ;
; SDC constraint protection                                                       ; Off                ; Off                ;
; Synthesis Effort                                                                ; Auto               ; Auto               ;
; Shift Register Replacement - Allow Asynchronous Clear Signal                    ; On                 ; On                 ;
; Pre-Mapping Resynthesis Optimization                                            ; Off                ; Off                ;
; Analysis & Synthesis Message Level                                              ; Medium             ; Medium             ;
; Disable Register Merging Across Hierarchies                                     ; Auto               ; Auto               ;
; Resource Aware Inference For Block RAM                                          ; On                 ; On                 ;
; Automatic Parallel Synthesis                                                    ; On                 ; On                 ;
; Partial Reconfiguration Bitstream ID                                            ; Off                ; Off                ;
+---------------------------------------------------------------------------------+--------------------+--------------------+


+------------------------------------------+
; Parallel Compilation                     ;
+----------------------------+-------------+
; Processors                 ; Number      ;
+----------------------------+-------------+
; Number detected on machine ; 8           ;
; Maximum allowed            ; 8           ;
;                            ;             ;
; Average used               ; 1.00        ;
; Maximum used               ; 8           ;
;                            ;             ;
; Usage by Processor         ; % Time Used ;
;     Processor 1            ; 100.0%      ;
;     Processors 2-8         ;   0.0%      ;
+----------------------------+-------------+


+-----------------------------------------------------------------------------------------------------------------------------------------------------------------------------------------------------------------------------------------------------------+
; Analysis & Synthesis Source Files Read                                                                                                                                                                                                                    ;
+------------------------------------------------+-----------------+-------------------------------------------------------+----------------------------------------------------------------------------------------------------------------------+---------+
; File Name with User-Entered Path               ; Used in Netlist ; File Type                                             ; File Name with Absolute Path                                                                                         ; Library ;
+------------------------------------------------+-----------------+-------------------------------------------------------+----------------------------------------------------------------------------------------------------------------------+---------+
; Pixel_On_Text2.vhd                             ; yes             ; User VHDL File                                        ; D:/Documentos/TEC/2023/I Semestre/Taller de Diseno Digital/VGA MODULE/Pixel_On_Text2.vhd                             ;         ;
; Font_Rom.vhd                                   ; yes             ; User VHDL File                                        ; D:/Documentos/TEC/2023/I Semestre/Taller de Diseno Digital/VGA MODULE/Font_Rom.vhd                                   ;         ;
; commonPak.vhd                                  ; yes             ; User VHDL File                                        ; D:/Documentos/TEC/2023/I Semestre/Taller de Diseno Digital/VGA MODULE/commonPak.vhd                                  ;         ;
; vga_sync.sv                                    ; yes             ; User SystemVerilog HDL File                           ; D:/Documentos/TEC/2023/I Semestre/Taller de Diseno Digital/VGA MODULE/vga_sync.sv                                    ;         ;
; vga_decoder.sv                                 ; yes             ; User SystemVerilog HDL File                           ; D:/Documentos/TEC/2023/I Semestre/Taller de Diseno Digital/VGA MODULE/vga_decoder.sv                                 ;         ;
; color_module.sv                                ; yes             ; User SystemVerilog HDL File                           ; D:/Documentos/TEC/2023/I Semestre/Taller de Diseno Digital/VGA MODULE/color_module.sv                                ;         ;
; color_selector.sv                              ; yes             ; User SystemVerilog HDL File                           ; D:/Documentos/TEC/2023/I Semestre/Taller de Diseno Digital/VGA MODULE/color_selector.sv                              ;         ;
; altsyncram.tdf                                 ; yes             ; Megafunction                                          ; d:/intelfpga_lite/22.1std/quartus/libraries/megafunctions/altsyncram.tdf                                             ;         ;
; stratix_ram_block.inc                          ; yes             ; Megafunction                                          ; d:/intelfpga_lite/22.1std/quartus/libraries/megafunctions/stratix_ram_block.inc                                      ;         ;
; lpm_mux.inc                                    ; yes             ; Megafunction                                          ; d:/intelfpga_lite/22.1std/quartus/libraries/megafunctions/lpm_mux.inc                                                ;         ;
; lpm_decode.inc                                 ; yes             ; Megafunction                                          ; d:/intelfpga_lite/22.1std/quartus/libraries/megafunctions/lpm_decode.inc                                             ;         ;
; aglobal221.inc                                 ; yes             ; Megafunction                                          ; d:/intelfpga_lite/22.1std/quartus/libraries/megafunctions/aglobal221.inc                                             ;         ;
; a_rdenreg.inc                                  ; yes             ; Megafunction                                          ; d:/intelfpga_lite/22.1std/quartus/libraries/megafunctions/a_rdenreg.inc                                              ;         ;
; altrom.inc                                     ; yes             ; Megafunction                                          ; d:/intelfpga_lite/22.1std/quartus/libraries/megafunctions/altrom.inc                                                 ;         ;
; altram.inc                                     ; yes             ; Megafunction                                          ; d:/intelfpga_lite/22.1std/quartus/libraries/megafunctions/altram.inc                                                 ;         ;
; altdpram.inc                                   ; yes             ; Megafunction                                          ; d:/intelfpga_lite/22.1std/quartus/libraries/megafunctions/altdpram.inc                                               ;         ;
; db/altsyncram_6sd1.tdf                         ; yes             ; Auto-Generated Megafunction                           ; D:/Documentos/TEC/2023/I Semestre/Taller de Diseno Digital/VGA MODULE/db/altsyncram_6sd1.tdf                         ;         ;
; db/vga_decoding.ram0_font_rom_d6022abf.hdl.mif ; yes             ; Auto-Generated Auto-Found Memory Initialization File  ; D:/Documentos/TEC/2023/I Semestre/Taller de Diseno Digital/VGA MODULE/db/vga_decoding.ram0_font_rom_d6022abf.hdl.mif ;         ;
+------------------------------------------------+-----------------+-------------------------------------------------------+----------------------------------------------------------------------------------------------------------------------+---------+


+---------------------------------------------------------+
; Analysis & Synthesis Resource Usage Summary             ;
+---------------------------------------------+-----------+
; Resource                                    ; Usage     ;
+---------------------------------------------+-----------+
; Estimate of Logic utilization (ALMs needed) ; 90        ;
;                                             ;           ;
; Combinational ALUT usage for logic          ; 139       ;
;     -- 7 input functions                    ; 5         ;
;     -- 6 input functions                    ; 35        ;
;     -- 5 input functions                    ; 21        ;
;     -- 4 input functions                    ; 18        ;
;     -- <=3 input functions                  ; 60        ;
;                                             ;           ;
; Dedicated logic registers                   ; 24        ;
;                                             ;           ;
; I/O pins                                    ; 31        ;
; Total MLAB memory bits                      ; 0         ;
; Total block memory bits                     ; 16384     ;
;                                             ;           ;
; Total DSP Blocks                            ; 0         ;
;                                             ;           ;
; Maximum fan-out node                        ; clk~input ;
; Maximum fan-out                             ; 23        ;
; Total fan-out                               ; 828       ;
; Average fan-out                             ; 3.55      ;
+---------------------------------------------+-----------+


+----------------------------------------------------------------------------------------------------------------------------------------------------------------------------------------------------------------------------------------------------------------------------------------------+
; Analysis & Synthesis Resource Utilization by Entity                                                                                                                                                                                                                                          ;
+----------------------------------------------+---------------------+---------------------------+-------------------+------------+------+--------------+-----------------------------------------------------------------------------------------------------+-----------------+--------------+
; Compilation Hierarchy Node                   ; Combinational ALUTs ; Dedicated Logic Registers ; Block Memory Bits ; DSP Blocks ; Pins ; Virtual Pins ; Full Hierarchy Name                                                                                 ; Entity Name     ; Library Name ;
+----------------------------------------------+---------------------+---------------------------+-------------------+------------+------+--------------+-----------------------------------------------------------------------------------------------------+-----------------+--------------+
; |vga_decoder                                 ; 139 (0)             ; 24 (0)                    ; 16384             ; 0          ; 31   ; 0            ; |vga_decoder                                                                                        ; vga_decoder     ; work         ;
;    |Pixel_On_Text2:t1|                       ; 30 (30)             ; 1 (1)                     ; 16384             ; 0          ; 0    ; 0            ; |vga_decoder|Pixel_On_Text2:t1                                                                      ; Pixel_On_Text2  ; work         ;
;       |Font_Rom:FontRom|                     ; 0 (0)               ; 0 (0)                     ; 16384             ; 0          ; 0    ; 0            ; |vga_decoder|Pixel_On_Text2:t1|Font_Rom:FontRom                                                     ; Font_Rom        ; work         ;
;          |altsyncram:ROM_rtl_0|              ; 0 (0)               ; 0 (0)                     ; 16384             ; 0          ; 0    ; 0            ; |vga_decoder|Pixel_On_Text2:t1|Font_Rom:FontRom|altsyncram:ROM_rtl_0                                ; altsyncram      ; work         ;
;             |altsyncram_6sd1:auto_generated| ; 0 (0)               ; 0 (0)                     ; 16384             ; 0          ; 0    ; 0            ; |vga_decoder|Pixel_On_Text2:t1|Font_Rom:FontRom|altsyncram:ROM_rtl_0|altsyncram_6sd1:auto_generated ; altsyncram_6sd1 ; work         ;
;    |color_module:color|                      ; 36 (36)             ; 0 (0)                     ; 0                 ; 0          ; 0    ; 0            ; |vga_decoder|color_module:color                                                                     ; color_module    ; work         ;
;    |color_selector:color2|                   ; 37 (37)             ; 0 (0)                     ; 0                 ; 0          ; 0    ; 0            ; |vga_decoder|color_selector:color2                                                                  ; color_selector  ; work         ;
;    |vga_sync:vga_sync_mod|                   ; 36 (36)             ; 23 (23)                   ; 0                 ; 0          ; 0    ; 0            ; |vga_decoder|vga_sync:vga_sync_mod                                                                  ; vga_sync        ; work         ;
+----------------------------------------------+---------------------+---------------------------+-------------------+------------+------+--------------+-----------------------------------------------------------------------------------------------------+-----------------+--------------+
Note: For table entries with two numbers listed, the numbers in parentheses indicate the number of resources of the given type used by the specific entity alone. The numbers listed outside of parentheses indicate the total resources of the given type used by the specific entity and all of its sub-entities in the hierarchy.


+--------------------------------------------------------------------------------------------------------------------------------------------------------------------------------------------------------------------------------------+
; Analysis & Synthesis RAM Summary                                                                                                                                                                                                     ;
+---------------------------------------------------------------------------------------------------+------+------+--------------+--------------+--------------+--------------+-------+------------------------------------------------+
; Name                                                                                              ; Type ; Mode ; Port A Depth ; Port A Width ; Port B Depth ; Port B Width ; Size  ; MIF                                            ;
+---------------------------------------------------------------------------------------------------+------+------+--------------+--------------+--------------+--------------+-------+------------------------------------------------+
; Pixel_On_Text2:t1|Font_Rom:FontRom|altsyncram:ROM_rtl_0|altsyncram_6sd1:auto_generated|ALTSYNCRAM ; AUTO ; ROM  ; 2048         ; 8            ; --           ; --           ; 16384 ; db/vga_decoding.ram0_Font_Rom_d6022abf.hdl.mif ;
+---------------------------------------------------------------------------------------------------+------+------+--------------+--------------+--------------+--------------+-------+------------------------------------------------+


+------------------------------------------------------+
; General Register Statistics                          ;
+----------------------------------------------+-------+
; Statistic                                    ; Value ;
+----------------------------------------------+-------+
; Total registers                              ; 24    ;
; Number of registers using Synchronous Clear  ; 20    ;
; Number of registers using Synchronous Load   ; 0     ;
; Number of registers using Asynchronous Clear ; 22    ;
; Number of registers using Asynchronous Load  ; 0     ;
; Number of registers using Clock Enable       ; 20    ;
; Number of registers using Preset             ; 0     ;
+----------------------------------------------+-------+


+--------------------------------------------------------------------------------------------------------+
; Registers Packed Into Inferred Megafunctions                                                           ;
+--------------------------------------------------+----------------------------------------------+------+
; Register Name                                    ; Megafunction                                 ; Type ;
+--------------------------------------------------+----------------------------------------------+------+
; Pixel_On_Text2:t1|Font_Rom:FontRom|fontRow[0..7] ; Pixel_On_Text2:t1|Font_Rom:FontRom|ROM_rtl_0 ; RAM  ;
+--------------------------------------------------+----------------------------------------------+------+


+---------------------------------------------------------------------------------------------------------------------------------------------------------+
; Multiplexer Restructuring Statistics (Restructuring Performed)                                                                                          ;
+--------------------+-----------+---------------+----------------------+------------------------+------------+-------------------------------------------+
; Multiplexer Inputs ; Bus Width ; Baseline Area ; Area if Restructured ; Saving if Restructured ; Registered ; Example Multiplexer Output                ;
+--------------------+-----------+---------------+----------------------+------------------------+------------+-------------------------------------------+
; 16:1               ; 2 bits    ; 20 LEs        ; 20 LEs               ; 0 LEs                  ; No         ; |vga_decoder|color_module:color|number[1] ;
+--------------------+-----------+---------------+----------------------+------------------------+------------+-------------------------------------------+


+---------------------------------------------------------------------------------------------------------------+
; Source assignments for Pixel_On_Text2:t1|Font_Rom:FontRom|altsyncram:ROM_rtl_0|altsyncram_6sd1:auto_generated ;
+---------------------------------+--------------------+------+-------------------------------------------------+
; Assignment                      ; Value              ; From ; To                                              ;
+---------------------------------+--------------------+------+-------------------------------------------------+
; OPTIMIZE_POWER_DURING_SYNTHESIS ; NORMAL_COMPILATION ; -    ; -                                               ;
+---------------------------------+--------------------+------+-------------------------------------------------+


+----------------------------------------------------------------+
; Parameter Settings for User Entity Instance: Pixel_On_Text2:t1 ;
+----------------+----------------------+------------------------+
; Parameter Name ; Value                ; Type                   ;
+----------------+----------------------+------------------------+
; displaytext    ; Bienvenido al juego! ; String                 ;
+----------------+----------------------+------------------------+
Note: In order to hide this table in the UI and the text report file, please set the "Show Parameter Settings in Synthesis Report" option in "Analysis and Synthesis Settings -> More Settings" to "Off".


+----------------------------------------------------------------------------------------------------------+
; Parameter Settings for Inferred Entity Instance: Pixel_On_Text2:t1|Font_Rom:FontRom|altsyncram:ROM_rtl_0 ;
+------------------------------------+------------------------------------------------+--------------------+
; Parameter Name                     ; Value                                          ; Type               ;
+------------------------------------+------------------------------------------------+--------------------+
; BYTE_SIZE_BLOCK                    ; 8                                              ; Untyped            ;
; AUTO_CARRY_CHAINS                  ; ON                                             ; AUTO_CARRY         ;
; IGNORE_CARRY_BUFFERS               ; OFF                                            ; IGNORE_CARRY       ;
; AUTO_CASCADE_CHAINS                ; ON                                             ; AUTO_CASCADE       ;
; IGNORE_CASCADE_BUFFERS             ; OFF                                            ; IGNORE_CASCADE     ;
; WIDTH_BYTEENA                      ; 1                                              ; Untyped            ;
; OPERATION_MODE                     ; ROM                                            ; Untyped            ;
; WIDTH_A                            ; 8                                              ; Untyped            ;
; WIDTHAD_A                          ; 11                                             ; Untyped            ;
; NUMWORDS_A                         ; 2048                                           ; Untyped            ;
; OUTDATA_REG_A                      ; UNREGISTERED                                   ; Untyped            ;
; ADDRESS_ACLR_A                     ; NONE                                           ; Untyped            ;
; OUTDATA_ACLR_A                     ; NONE                                           ; Untyped            ;
; WRCONTROL_ACLR_A                   ; NONE                                           ; Untyped            ;
; INDATA_ACLR_A                      ; NONE                                           ; Untyped            ;
; BYTEENA_ACLR_A                     ; NONE                                           ; Untyped            ;
; WIDTH_B                            ; 1                                              ; Untyped            ;
; WIDTHAD_B                          ; 1                                              ; Untyped            ;
; NUMWORDS_B                         ; 1                                              ; Untyped            ;
; INDATA_REG_B                       ; CLOCK1                                         ; Untyped            ;
; WRCONTROL_WRADDRESS_REG_B          ; CLOCK1                                         ; Untyped            ;
; RDCONTROL_REG_B                    ; CLOCK1                                         ; Untyped            ;
; ADDRESS_REG_B                      ; CLOCK1                                         ; Untyped            ;
; OUTDATA_REG_B                      ; UNREGISTERED                                   ; Untyped            ;
; BYTEENA_REG_B                      ; CLOCK1                                         ; Untyped            ;
; INDATA_ACLR_B                      ; NONE                                           ; Untyped            ;
; WRCONTROL_ACLR_B                   ; NONE                                           ; Untyped            ;
; ADDRESS_ACLR_B                     ; NONE                                           ; Untyped            ;
; OUTDATA_ACLR_B                     ; NONE                                           ; Untyped            ;
; RDCONTROL_ACLR_B                   ; NONE                                           ; Untyped            ;
; BYTEENA_ACLR_B                     ; NONE                                           ; Untyped            ;
; WIDTH_BYTEENA_A                    ; 1                                              ; Untyped            ;
; WIDTH_BYTEENA_B                    ; 1                                              ; Untyped            ;
; RAM_BLOCK_TYPE                     ; AUTO                                           ; Untyped            ;
; BYTE_SIZE                          ; 8                                              ; Untyped            ;
; READ_DURING_WRITE_MODE_MIXED_PORTS ; DONT_CARE                                      ; Untyped            ;
; READ_DURING_WRITE_MODE_PORT_A      ; NEW_DATA_NO_NBE_READ                           ; Untyped            ;
; READ_DURING_WRITE_MODE_PORT_B      ; NEW_DATA_NO_NBE_READ                           ; Untyped            ;
; INIT_FILE                          ; db/vga_decoding.ram0_Font_Rom_d6022abf.hdl.mif ; Untyped            ;
; INIT_FILE_LAYOUT                   ; PORT_A                                         ; Untyped            ;
; MAXIMUM_DEPTH                      ; 0                                              ; Untyped            ;
; CLOCK_ENABLE_INPUT_A               ; NORMAL                                         ; Untyped            ;
; CLOCK_ENABLE_INPUT_B               ; NORMAL                                         ; Untyped            ;
; CLOCK_ENABLE_OUTPUT_A              ; NORMAL                                         ; Untyped            ;
; CLOCK_ENABLE_OUTPUT_B              ; NORMAL                                         ; Untyped            ;
; CLOCK_ENABLE_CORE_A                ; USE_INPUT_CLKEN                                ; Untyped            ;
; CLOCK_ENABLE_CORE_B                ; USE_INPUT_CLKEN                                ; Untyped            ;
; ENABLE_ECC                         ; FALSE                                          ; Untyped            ;
; ECC_PIPELINE_STAGE_ENABLED         ; FALSE                                          ; Untyped            ;
; WIDTH_ECCSTATUS                    ; 3                                              ; Untyped            ;
; DEVICE_FAMILY                      ; Cyclone V                                      ; Untyped            ;
; CBXI_PARAMETER                     ; altsyncram_6sd1                                ; Untyped            ;
+------------------------------------+------------------------------------------------+--------------------+
Note: In order to hide this table in the UI and the text report file, please set the "Show Parameter Settings in Synthesis Report" option in "Analysis and Synthesis Settings -> More Settings" to "Off".


+-----------------------------------------------------------------------------------------------------+
; altsyncram Parameter Settings by Entity Instance                                                    ;
+-------------------------------------------+---------------------------------------------------------+
; Name                                      ; Value                                                   ;
+-------------------------------------------+---------------------------------------------------------+
; Number of entity instances                ; 1                                                       ;
; Entity Instance                           ; Pixel_On_Text2:t1|Font_Rom:FontRom|altsyncram:ROM_rtl_0 ;
;     -- OPERATION_MODE                     ; ROM                                                     ;
;     -- WIDTH_A                            ; 8                                                       ;
;     -- NUMWORDS_A                         ; 2048                                                    ;
;     -- OUTDATA_REG_A                      ; UNREGISTERED                                            ;
;     -- WIDTH_B                            ; 1                                                       ;
;     -- NUMWORDS_B                         ; 1                                                       ;
;     -- ADDRESS_REG_B                      ; CLOCK1                                                  ;
;     -- OUTDATA_REG_B                      ; UNREGISTERED                                            ;
;     -- RAM_BLOCK_TYPE                     ; AUTO                                                    ;
;     -- READ_DURING_WRITE_MODE_MIXED_PORTS ; DONT_CARE                                               ;
+-------------------------------------------+---------------------------------------------------------+


+----------------------------------------------------------------+
; Port Connectivity Checks: "color_module:color"                 ;
+------------------------------+-------+----------+--------------+
; Port                         ; Type  ; Severity ; Details      ;
+------------------------------+-------+----------+--------------+
; matriz_entrada[0][0]         ; Input ; Info     ; Stuck at GND ;
; matriz_entrada[0][1][31..5]  ; Input ; Info     ; Stuck at GND ;
; matriz_entrada[0][1][3..0]   ; Input ; Info     ; Stuck at GND ;
; matriz_entrada[0][1][4]      ; Input ; Info     ; Stuck at VCC ;
; matriz_entrada[0][2][31..3]  ; Input ; Info     ; Stuck at GND ;
; matriz_entrada[0][2][1..0]   ; Input ; Info     ; Stuck at GND ;
; matriz_entrada[0][2][2]      ; Input ; Info     ; Stuck at VCC ;
; matriz_entrada[0][3]         ; Input ; Info     ; Stuck at GND ;
; matriz_entrada[1][0][31..4]  ; Input ; Info     ; Stuck at GND ;
; matriz_entrada[1][0][2..0]   ; Input ; Info     ; Stuck at GND ;
; matriz_entrada[1][0][3]      ; Input ; Info     ; Stuck at VCC ;
; matriz_entrada[1][1][31..6]  ; Input ; Info     ; Stuck at GND ;
; matriz_entrada[1][1][4..0]   ; Input ; Info     ; Stuck at GND ;
; matriz_entrada[1][1][5]      ; Input ; Info     ; Stuck at VCC ;
; matriz_entrada[1][2][31..9]  ; Input ; Info     ; Stuck at GND ;
; matriz_entrada[1][2][7..0]   ; Input ; Info     ; Stuck at GND ;
; matriz_entrada[1][2][8]      ; Input ; Info     ; Stuck at VCC ;
; matriz_entrada[1][3][31..11] ; Input ; Info     ; Stuck at GND ;
; matriz_entrada[1][3][9..0]   ; Input ; Info     ; Stuck at GND ;
; matriz_entrada[1][3][10]     ; Input ; Info     ; Stuck at VCC ;
; matriz_entrada[2][0][31..12] ; Input ; Info     ; Stuck at GND ;
; matriz_entrada[2][0][10..0]  ; Input ; Info     ; Stuck at GND ;
; matriz_entrada[2][0][11]     ; Input ; Info     ; Stuck at VCC ;
; matriz_entrada[2][1][31..3]  ; Input ; Info     ; Stuck at GND ;
; matriz_entrada[2][1][1..0]   ; Input ; Info     ; Stuck at GND ;
; matriz_entrada[2][1][2]      ; Input ; Info     ; Stuck at VCC ;
; matriz_entrada[2][2][31..5]  ; Input ; Info     ; Stuck at GND ;
; matriz_entrada[2][2][3..0]   ; Input ; Info     ; Stuck at GND ;
; matriz_entrada[2][2][4]      ; Input ; Info     ; Stuck at VCC ;
; matriz_entrada[2][3]         ; Input ; Info     ; Stuck at GND ;
; matriz_entrada[3][0][31..6]  ; Input ; Info     ; Stuck at GND ;
; matriz_entrada[3][0][4..0]   ; Input ; Info     ; Stuck at GND ;
; matriz_entrada[3][0][5]      ; Input ; Info     ; Stuck at VCC ;
; matriz_entrada[3][1][31..4]  ; Input ; Info     ; Stuck at GND ;
; matriz_entrada[3][1][2..0]   ; Input ; Info     ; Stuck at GND ;
; matriz_entrada[3][1][3]      ; Input ; Info     ; Stuck at VCC ;
; matriz_entrada[3][2][31..9]  ; Input ; Info     ; Stuck at GND ;
; matriz_entrada[3][2][7..0]   ; Input ; Info     ; Stuck at GND ;
; matriz_entrada[3][2][8]      ; Input ; Info     ; Stuck at VCC ;
; matriz_entrada[3][3][31..3]  ; Input ; Info     ; Stuck at GND ;
; matriz_entrada[3][3][1..0]   ; Input ; Info     ; Stuck at GND ;
; matriz_entrada[3][3][2]      ; Input ; Info     ; Stuck at VCC ;
+------------------------------+-------+----------+--------------+


+---------------------------------------------------------------------------------------------------------------------------------------------------------------------------------------------------------------+
; Port Connectivity Checks: "Pixel_On_Text2:t1"                                                                                                                                                                 ;
+------------------+-------+----------+-------------------------------------------------------------------------------------------------------------------------------------------------------------------------+
; Port             ; Type  ; Severity ; Details                                                                                                                                                                 ;
+------------------+-------+----------+-------------------------------------------------------------------------------------------------------------------------------------------------------------------------+
; positionx[7..4]  ; Input ; Info     ; Stuck at VCC                                                                                                                                                            ;
; positionx[31..8] ; Input ; Info     ; Stuck at GND                                                                                                                                                            ;
; positionx[3..0]  ; Input ; Info     ; Stuck at GND                                                                                                                                                            ;
; positiony[5..2]  ; Input ; Info     ; Stuck at VCC                                                                                                                                                            ;
; positiony[31..6] ; Input ; Info     ; Stuck at GND                                                                                                                                                            ;
; positiony[1..0]  ; Input ; Info     ; Stuck at GND                                                                                                                                                            ;
; horzcoord        ; Input ; Warning  ; Input port expression (10 bits) is smaller than the input port (32 bits) it drives.  Extra input bit(s) "horzcoord[-2147483647..-2147483626]" will be connected to GND. ;
; vertcoord        ; Input ; Warning  ; Input port expression (10 bits) is smaller than the input port (32 bits) it drives.  Extra input bit(s) "vertcoord[-2147483647..-2147483626]" will be connected to GND. ;
+------------------+-------+----------+-------------------------------------------------------------------------------------------------------------------------------------------------------------------------+


+-----------------------------------------------------+
; Post-Synthesis Netlist Statistics for Top Partition ;
+-----------------------+-----------------------------+
; Type                  ; Count                       ;
+-----------------------+-----------------------------+
; arriav_ff             ; 24                          ;
;     CLR               ; 2                           ;
;     ENA CLR SCLR      ; 20                          ;
;     plain             ; 2                           ;
; arriav_lcell_comb     ; 148                         ;
;     arith             ; 26                          ;
;         1 data inputs ; 22                          ;
;         2 data inputs ; 2                           ;
;         3 data inputs ; 1                           ;
;         4 data inputs ; 1                           ;
;     extend            ; 5                           ;
;         7 data inputs ; 5                           ;
;     normal            ; 108                         ;
;         1 data inputs ; 10                          ;
;         2 data inputs ; 12                          ;
;         3 data inputs ; 13                          ;
;         4 data inputs ; 17                          ;
;         5 data inputs ; 21                          ;
;         6 data inputs ; 35                          ;
;     shared            ; 9                           ;
;         1 data inputs ; 3                           ;
;         2 data inputs ; 5                           ;
;         3 data inputs ; 1                           ;
; boundary_port         ; 31                          ;
; stratixv_ram_block    ; 8                           ;
;                       ;                             ;
; Max LUT depth         ; 8.00                        ;
; Average LUT depth     ; 5.16                        ;
+-----------------------+-----------------------------+


+-------------------------------+
; Elapsed Time Per Partition    ;
+----------------+--------------+
; Partition Name ; Elapsed Time ;
+----------------+--------------+
; Top            ; 00:00:01     ;
+----------------+--------------+


+-------------------------------+
; Analysis & Synthesis Messages ;
+-------------------------------+
Info: *******************************************************************
Info: Running Quartus Prime Analysis & Synthesis
    Info: Version 22.1std.0 Build 915 10/25/2022 SC Lite Edition
    Info: Processing started: Thu Apr 27 15:00:30 2023
Info: Command: quartus_map --read_settings_files=on --write_settings_files=off vga_decoding -c vga_decoding
Warning (18236): Number of processors has not been specified which may cause overloading on shared machines.  Set the global assignment NUM_PARALLEL_PROCESSORS in your QSF to an appropriate value for best performance.
Info (20030): Parallel compilation is enabled and will use 8 of the 8 processors detected
Info (12021): Found 2 design units, including 1 entities, in source file wrapper.vhd
    Info (12022): Found design unit 1: wrapper-Behavioral File: D:/Documentos/TEC/2023/I Semestre/Taller de Diseno Digital/VGA MODULE/wrapper.vhd Line: 33
    Info (12023): Found entity 1: wrapper File: D:/Documentos/TEC/2023/I Semestre/Taller de Diseno Digital/VGA MODULE/wrapper.vhd Line: 24
Info (12021): Found 2 design units, including 1 entities, in source file pixel_on_text2.vhd
    Info (12022): Found design unit 1: Pixel_On_Text2-Behavioral File: D:/Documentos/TEC/2023/I Semestre/Taller de Diseno Digital/VGA MODULE/Pixel_On_Text2.vhd Line: 47
    Info (12023): Found entity 1: Pixel_On_Text2 File: D:/Documentos/TEC/2023/I Semestre/Taller de Diseno Digital/VGA MODULE/Pixel_On_Text2.vhd Line: 29
Info (12021): Found 2 design units, including 1 entities, in source file pixel_on_text.vhd
    Info (12022): Found design unit 1: Pixel_On_Text-Behavioral File: D:/Documentos/TEC/2023/I Semestre/Taller de Diseno Digital/VGA MODULE/Pixel_On_Text.vhd Line: 49
    Info (12023): Found entity 1: Pixel_On_Text File: D:/Documentos/TEC/2023/I Semestre/Taller de Diseno Digital/VGA MODULE/Pixel_On_Text.vhd Line: 30
Info (12021): Found 2 design units, including 1 entities, in source file font_rom.vhd
    Info (12022): Found design unit 1: Font_Rom-Behavioral File: D:/Documentos/TEC/2023/I Semestre/Taller de Diseno Digital/VGA MODULE/Font_Rom.vhd Line: 40
    Info (12023): Found entity 1: Font_Rom File: D:/Documentos/TEC/2023/I Semestre/Taller de Diseno Digital/VGA MODULE/Font_Rom.vhd Line: 32
Info (12021): Found 2 design units, including 0 entities, in source file commonpak.vhd
    Info (12022): Found design unit 1: commonPak File: D:/Documentos/TEC/2023/I Semestre/Taller de Diseno Digital/VGA MODULE/commonPak.vhd Line: 16
    Info (12022): Found design unit 2: commonPak-body File: D:/Documentos/TEC/2023/I Semestre/Taller de Diseno Digital/VGA MODULE/commonPak.vhd Line: 80
Info (12021): Found 1 design units, including 1 entities, in source file vga_sync.sv
    Info (12023): Found entity 1: vga_sync File: D:/Documentos/TEC/2023/I Semestre/Taller de Diseno Digital/VGA MODULE/vga_sync.sv Line: 1
Info (12021): Found 1 design units, including 1 entities, in source file vga_decoder.sv
    Info (12023): Found entity 1: vga_decoder File: D:/Documentos/TEC/2023/I Semestre/Taller de Diseno Digital/VGA MODULE/vga_decoder.sv Line: 1
Info (12021): Found 1 design units, including 1 entities, in source file color_module.sv
    Info (12023): Found entity 1: color_module File: D:/Documentos/TEC/2023/I Semestre/Taller de Diseno Digital/VGA MODULE/color_module.sv Line: 1
Info (12021): Found 1 design units, including 1 entities, in source file vga_decoder_tb.sv
    Info (12023): Found entity 1: vga_decoder_tb File: D:/Documentos/TEC/2023/I Semestre/Taller de Diseno Digital/VGA MODULE/vga_decoder_tb.sv Line: 1
Info (12021): Found 1 design units, including 1 entities, in source file color_selector.sv
    Info (12023): Found entity 1: color_selector File: D:/Documentos/TEC/2023/I Semestre/Taller de Diseno Digital/VGA MODULE/color_selector.sv Line: 1
Info (12127): Elaborating entity "vga_decoder" for the top level hierarchy
Info (10008): Verilog HDL or VHDL information: EDA Netlist Writer cannot regroup multidimensional array "matriz_entrada" into its bus
Info (12128): Elaborating entity "vga_sync" for hierarchy "vga_sync:vga_sync_mod" File: D:/Documentos/TEC/2023/I Semestre/Taller de Diseno Digital/VGA MODULE/vga_decoder.sv Line: 29
Warning (10230): Verilog HDL assignment warning at vga_sync.sv(67): truncated value with size 32 to match size of target (10) File: D:/Documentos/TEC/2023/I Semestre/Taller de Diseno Digital/VGA MODULE/vga_sync.sv Line: 67
Warning (10230): Verilog HDL assignment warning at vga_sync.sv(71): truncated value with size 32 to match size of target (10) File: D:/Documentos/TEC/2023/I Semestre/Taller de Diseno Digital/VGA MODULE/vga_sync.sv Line: 71
Info (12128): Elaborating entity "Pixel_On_Text2" for hierarchy "Pixel_On_Text2:t1" File: D:/Documentos/TEC/2023/I Semestre/Taller de Diseno Digital/VGA MODULE/vga_decoder.sv Line: 38
Info (12128): Elaborating entity "Font_Rom" for hierarchy "Pixel_On_Text2:t1|Font_Rom:FontRom" File: D:/Documentos/TEC/2023/I Semestre/Taller de Diseno Digital/VGA MODULE/Pixel_On_Text2.vhd Line: 67
Info (12128): Elaborating entity "color_module" for hierarchy "color_module:color" File: D:/Documentos/TEC/2023/I Semestre/Taller de Diseno Digital/VGA MODULE/vga_decoder.sv Line: 47
Warning (10230): Verilog HDL assignment warning at color_module.sv(25): truncated value with size 32 to match size of target (12) File: D:/Documentos/TEC/2023/I Semestre/Taller de Diseno Digital/VGA MODULE/color_module.sv Line: 25
Warning (10230): Verilog HDL assignment warning at color_module.sv(29): truncated value with size 32 to match size of target (12) File: D:/Documentos/TEC/2023/I Semestre/Taller de Diseno Digital/VGA MODULE/color_module.sv Line: 29
Warning (10230): Verilog HDL assignment warning at color_module.sv(33): truncated value with size 32 to match size of target (12) File: D:/Documentos/TEC/2023/I Semestre/Taller de Diseno Digital/VGA MODULE/color_module.sv Line: 33
Warning (10230): Verilog HDL assignment warning at color_module.sv(37): truncated value with size 32 to match size of target (12) File: D:/Documentos/TEC/2023/I Semestre/Taller de Diseno Digital/VGA MODULE/color_module.sv Line: 37
Warning (10230): Verilog HDL assignment warning at color_module.sv(44): truncated value with size 32 to match size of target (12) File: D:/Documentos/TEC/2023/I Semestre/Taller de Diseno Digital/VGA MODULE/color_module.sv Line: 44
Warning (10230): Verilog HDL assignment warning at color_module.sv(48): truncated value with size 32 to match size of target (12) File: D:/Documentos/TEC/2023/I Semestre/Taller de Diseno Digital/VGA MODULE/color_module.sv Line: 48
Warning (10230): Verilog HDL assignment warning at color_module.sv(52): truncated value with size 32 to match size of target (12) File: D:/Documentos/TEC/2023/I Semestre/Taller de Diseno Digital/VGA MODULE/color_module.sv Line: 52
Warning (10230): Verilog HDL assignment warning at color_module.sv(56): truncated value with size 32 to match size of target (12) File: D:/Documentos/TEC/2023/I Semestre/Taller de Diseno Digital/VGA MODULE/color_module.sv Line: 56
Warning (10230): Verilog HDL assignment warning at color_module.sv(63): truncated value with size 32 to match size of target (12) File: D:/Documentos/TEC/2023/I Semestre/Taller de Diseno Digital/VGA MODULE/color_module.sv Line: 63
Warning (10230): Verilog HDL assignment warning at color_module.sv(67): truncated value with size 32 to match size of target (12) File: D:/Documentos/TEC/2023/I Semestre/Taller de Diseno Digital/VGA MODULE/color_module.sv Line: 67
Warning (10230): Verilog HDL assignment warning at color_module.sv(71): truncated value with size 32 to match size of target (12) File: D:/Documentos/TEC/2023/I Semestre/Taller de Diseno Digital/VGA MODULE/color_module.sv Line: 71
Warning (10230): Verilog HDL assignment warning at color_module.sv(75): truncated value with size 32 to match size of target (12) File: D:/Documentos/TEC/2023/I Semestre/Taller de Diseno Digital/VGA MODULE/color_module.sv Line: 75
Warning (10230): Verilog HDL assignment warning at color_module.sv(82): truncated value with size 32 to match size of target (12) File: D:/Documentos/TEC/2023/I Semestre/Taller de Diseno Digital/VGA MODULE/color_module.sv Line: 82
Warning (10230): Verilog HDL assignment warning at color_module.sv(86): truncated value with size 32 to match size of target (12) File: D:/Documentos/TEC/2023/I Semestre/Taller de Diseno Digital/VGA MODULE/color_module.sv Line: 86
Warning (10230): Verilog HDL assignment warning at color_module.sv(90): truncated value with size 32 to match size of target (12) File: D:/Documentos/TEC/2023/I Semestre/Taller de Diseno Digital/VGA MODULE/color_module.sv Line: 90
Warning (10230): Verilog HDL assignment warning at color_module.sv(94): truncated value with size 32 to match size of target (12) File: D:/Documentos/TEC/2023/I Semestre/Taller de Diseno Digital/VGA MODULE/color_module.sv Line: 94
Info (10008): Verilog HDL or VHDL information: EDA Netlist Writer cannot regroup multidimensional array "matriz_entrada" into its bus
Info (10008): Verilog HDL or VHDL information: EDA Netlist Writer cannot regroup multidimensional array "matriz_entrada" into its bus
Info (12128): Elaborating entity "color_selector" for hierarchy "color_selector:color2" File: D:/Documentos/TEC/2023/I Semestre/Taller de Diseno Digital/VGA MODULE/vga_decoder.sv Line: 54
Info (19000): Inferred 1 megafunctions from design logic
    Info (276029): Inferred altsyncram megafunction from the following design logic: "Pixel_On_Text2:t1|Font_Rom:FontRom|ROM_rtl_0" 
        Info (286033): Parameter OPERATION_MODE set to ROM
        Info (286033): Parameter WIDTH_A set to 8
        Info (286033): Parameter WIDTHAD_A set to 11
        Info (286033): Parameter NUMWORDS_A set to 2048
        Info (286033): Parameter OUTDATA_REG_A set to UNREGISTERED
        Info (286033): Parameter ADDRESS_ACLR_A set to NONE
        Info (286033): Parameter OUTDATA_ACLR_A set to NONE
        Info (286033): Parameter INDATA_ACLR_A set to NONE
        Info (286033): Parameter WRCONTROL_ACLR_A set to NONE
        Info (286033): Parameter INIT_FILE set to db/vga_decoding.ram0_Font_Rom_d6022abf.hdl.mif
Info (12130): Elaborated megafunction instantiation "Pixel_On_Text2:t1|Font_Rom:FontRom|altsyncram:ROM_rtl_0"
Info (12133): Instantiated megafunction "Pixel_On_Text2:t1|Font_Rom:FontRom|altsyncram:ROM_rtl_0" with the following parameter:
    Info (12134): Parameter "OPERATION_MODE" = "ROM"
    Info (12134): Parameter "WIDTH_A" = "8"
    Info (12134): Parameter "WIDTHAD_A" = "11"
    Info (12134): Parameter "NUMWORDS_A" = "2048"
    Info (12134): Parameter "OUTDATA_REG_A" = "UNREGISTERED"
    Info (12134): Parameter "ADDRESS_ACLR_A" = "NONE"
    Info (12134): Parameter "OUTDATA_ACLR_A" = "NONE"
    Info (12134): Parameter "INDATA_ACLR_A" = "NONE"
    Info (12134): Parameter "WRCONTROL_ACLR_A" = "NONE"
    Info (12134): Parameter "INIT_FILE" = "db/vga_decoding.ram0_Font_Rom_d6022abf.hdl.mif"
Info (12021): Found 1 design units, including 1 entities, in source file db/altsyncram_6sd1.tdf
    Info (12023): Found entity 1: altsyncram_6sd1 File: D:/Documentos/TEC/2023/I Semestre/Taller de Diseno Digital/VGA MODULE/db/altsyncram_6sd1.tdf Line: 28
Warning (12241): 1 hierarchies have connectivity warnings - see the Connectivity Checks report folder
Info (286030): Timing-Driven Synthesis is running
Info (144001): Generated suppressed messages file D:/Documentos/TEC/2023/I Semestre/Taller de Diseno Digital/VGA MODULE/output_files/vga_decoding.map.smsg
Info (16010): Generating hard_block partition "hard_block:auto_generated_inst"
    Info (16011): Adding 0 node(s), including 0 DDIO, 0 PLL, 0 transceiver and 0 LCELL
Info (21057): Implemented 178 device resources after synthesis - the final resource count might be different
    Info (21058): Implemented 2 input pins
    Info (21059): Implemented 29 output pins
    Info (21061): Implemented 139 logic cells
    Info (21064): Implemented 8 RAM segments
Info: Quartus Prime Analysis & Synthesis was successful. 0 errors, 20 warnings
    Info: Peak virtual memory: 4906 megabytes
    Info: Processing ended: Thu Apr 27 15:00:49 2023
    Info: Elapsed time: 00:00:19
    Info: Total CPU time (on all processors): 00:00:37


+------------------------------------------+
; Analysis & Synthesis Suppressed Messages ;
+------------------------------------------+
The suppressed messages can be found in D:/Documentos/TEC/2023/I Semestre/Taller de Diseno Digital/VGA MODULE/output_files/vga_decoding.map.smsg.


